2023-04-30T03:56:08+00:00 CRITICAL Uncaught ValueError: Unknown format specifier "a" in /bitnami/wordpress/wp-content/plugins/cmb2/includes/helper-functions.php:344
Stack trace:
#0 /bitnami/wordpress/wp-content/plugins/cmb2/includes/helper-functions.php(344): printf()
#1 /bitnami/wordpress/wp-content/plugins/cmb2/includes/helper-functions.php(282): cmb2_print_metabox_form()
#2 /bitnami/wordpress/wp-content/plugins/wp-job-board-pro/templates/misc/register-candidate.php(56): cmb2_get_metabox_form()
#3 /bitnami/wordpress/wp-content/plugins/wp-job-board-pro/includes/class-template-loader.php(127): include('...')
#4 /bitnami/wordpress/wp-content/plugins/wp-job-board-pro/includes/class-abstract-register-form.php(109): WP_Job_Board_Pro_Template_Loader::get_template_part()
#5 /bitnami/wordpress/wp-content/plugins/wp-job-board-pro/includes/class-shortcodes.php(150): WP_Job_Board_Pro_Abstract_Register_Form->form_output()
#6 /opt/bitnami/wordpress/wp-includes/shortcodes.php(355): WP_Job_Board_Pro_Shortcodes::register_candidate()
#7 [internal function]: do_shortcode_tag()
#8 /opt/bitnami/wordpress/wp-includes/shortcodes.php(227): preg_replace_callback()
#9 /bitnami/wordpress/wp-content/themes/superio/template-jobs/misc/register2.php(28): do_shortcode()
#10 /bitnami/wordpress/wp-content/plugins/wp-job-board-pro/includes/class-template-loader.php(127): include('...')
#11 /bitnami/wordpress/wp-content/themes/superio/inc/vendors/elementor/wp-job-board-pro-widgets/user_info2.php(385): WP_Job_Board_Pro_Template_Loader::get_template_part()
#12 /bitnami/wordpress/wp-content/plugins/elementor/includes/base/controls-stack.php(2268): Superio_Elementor_User_Info2->render()
#13 /bitnami/wordpress/wp-content/plugins/elementor/includes/base/widget-base.php(609): Elementor\Controls_Stack->render_by_mode()
#14 /bitnami/wordpress/wp-content/plugins/elementor/includes/base/widget-base.php(750): Elementor\Widget_Base->render_content()
#15 /bitnami/wordpress/wp-content/plugins/elementor/includes/base/element-base.php(449): Elementor\Widget_Base->print_content()
#16 /bitnami/wordpress/wp-content/plugins/elementor/includes/base/element-base.php(1354): Elementor\Element_Base->print_element()
#17 /bitnami/wordpress/wp-content/plugins/elementor/includes/base/element-base.php(449): Elementor\Element_Base->print_content()
#18 /bitnami/wordpress/wp-content/plugins/elementor/includes/base/element-base.php(1354): Elementor\Element_Base->print_element()
#19 /bitnami/wordpress/wp-content/plugins/elementor/includes/base/element-base.php(449): Elementor\Element_Base->print_content()
#20 /bitnami/wordpress/wp-content/plugins/elementor/core/base/document.php(1680): Elementor\Element_Base->print_element()
#21 /bitnami/wordpress/wp-content/plugins/elementor/core/base/document.php(1106): Elementor\Core\Base\Document->print_elements()
#22 /bitnami/wordpress/wp-content/plugins/elementor/includes/frontend.php(1179): Elementor\Core\Base\Document->print_elements_with_wrapper()
#23 /bitnami/wordpress/wp-content/plugins/elementor/includes/frontend.php(1247): Elementor\Frontend->get_builder_content()
#24 /bitnami/wordpress/wp-content/themes/superio/inc/vendors/elementor/functions.php(203): Elementor\Frontend->get_builder_content_for_display()
#25 /bitnami/wordpress/wp-content/themes/superio/inc/vendors/elementor/functions.php(208): Superio_Elementor_Extensions->render_page_content()
#26 /opt/bitnami/wordpress/wp-includes/class-wp-hook.php(310): Superio_Elementor_Extensions->render_post_builder()
#27 /opt/bitnami/wordpress/wp-includes/plugin.php(205): WP_Hook->apply_filters()
#28 /bitnami/wordpress/wp-content/themes/superio/inc/functions-helper.php(143): apply_filters()
#29 /bitnami/wordpress/wp-content/themes/superio/header.php(59): superio_display_header_builder()
#30 /opt/bitnami/wordpress/wp-includes/template.php(783): require_once('...')
#31 /opt/bitnami/wordpress/wp-includes/template.php(718): load_template()
#32 /opt/bitnami/wordpress/wp-includes/general-template.php(48): locate_template()
#33 /bitnami/wordpress/wp-content/themes/superio/404.php(12): get_header()
#34 /opt/bitnami/wordpress/wp-includes/template-loader.php(106): include('...')
#35 /opt/bitnami/wordpress/wp-blog-header.php(19): require_once('...')
#36 /opt/bitnami/wordpress/index.php(17): require('...')
#37 {main}
  thrown in /bitnami/wordpress/wp-content/plugins/cmb2/includes/helper-functions.php on line 344

2023-04-30T22:20:30+00:00 CRITICAL Uncaught ValueError: Unknown format specifier "a" in /bitnami/wordpress/wp-content/plugins/cmb2/includes/helper-functions.php:344
Stack trace:
#0 /bitnami/wordpress/wp-content/plugins/cmb2/includes/helper-functions.php(344): printf()
#1 /bitnami/wordpress/wp-content/plugins/cmb2/includes/helper-functions.php(282): cmb2_print_metabox_form()
#2 /bitnami/wordpress/wp-content/plugins/wp-job-board-pro/templates/misc/register-candidate.php(56): cmb2_get_metabox_form()
#3 /bitnami/wordpress/wp-content/plugins/wp-job-board-pro/includes/class-template-loader.php(127): include('...')
#4 /bitnami/wordpress/wp-content/plugins/wp-job-board-pro/includes/class-abstract-register-form.php(109): WP_Job_Board_Pro_Template_Loader::get_template_part()
#5 /bitnami/wordpress/wp-content/plugins/wp-job-board-pro/includes/class-shortcodes.php(150): WP_Job_Board_Pro_Abstract_Register_Form->form_output()
#6 /opt/bitnami/wordpress/wp-includes/shortcodes.php(355): WP_Job_Board_Pro_Shortcodes::register_candidate()
#7 [internal function]: do_shortcode_tag()
#8 /opt/bitnami/wordpress/wp-includes/shortcodes.php(227): preg_replace_callback()
#9 /bitnami/wordpress/wp-content/themes/superio/template-jobs/misc/register2.php(28): do_shortcode()
#10 /bitnami/wordpress/wp-content/plugins/wp-job-board-pro/includes/class-template-loader.php(127): include('...')
#11 /bitnami/wordpress/wp-content/themes/superio/inc/vendors/elementor/wp-job-board-pro-widgets/user_info2.php(385): WP_Job_Board_Pro_Template_Loader::get_template_part()
#12 /bitnami/wordpress/wp-content/plugins/elementor/includes/base/controls-stack.php(2268): Superio_Elementor_User_Info2->render()
#13 /bitnami/wordpress/wp-content/plugins/elementor/includes/base/widget-base.php(609): Elementor\Controls_Stack->render_by_mode()
#14 /bitnami/wordpress/wp-content/plugins/elementor/includes/base/widget-base.php(750): Elementor\Widget_Base->render_content()
#15 /bitnami/wordpress/wp-content/plugins/elementor/includes/base/element-base.php(449): Elementor\Widget_Base->print_content()
#16 /bitnami/wordpress/wp-content/plugins/elementor/includes/base/element-base.php(1354): Elementor\Element_Base->print_element()
#17 /bitnami/wordpress/wp-content/plugins/elementor/includes/base/element-base.php(449): Elementor\Element_Base->print_content()
#18 /bitnami/wordpress/wp-content/plugins/elementor/includes/base/element-base.php(1354): Elementor\Element_Base->print_element()
#19 /bitnami/wordpress/wp-content/plugins/elementor/includes/base/element-base.php(449): Elementor\Element_Base->print_content()
#20 /bitnami/wordpress/wp-content/plugins/elementor/core/base/document.php(1680): Elementor\Element_Base->print_element()
#21 /bitnami/wordpress/wp-content/plugins/elementor/core/base/document.php(1106): Elementor\Core\Base\Document->print_elements()
#22 /bitnami/wordpress/wp-content/plugins/elementor/includes/frontend.php(1179): Elementor\Core\Base\Document->print_elements_with_wrapper()
#23 /bitnami/wordpress/wp-content/plugins/elementor/includes/frontend.php(1247): Elementor\Frontend->get_builder_content()
#24 /bitnami/wordpress/wp-content/themes/superio/inc/vendors/elementor/functions.php(203): Elementor\Frontend->get_builder_content_for_display()
#25 /bitnami/wordpress/wp-content/themes/superio/inc/vendors/elementor/functions.php(208): Superio_Elementor_Extensions->render_page_content()
#26 /opt/bitnami/wordpress/wp-includes/class-wp-hook.php(310): Superio_Elementor_Extensions->render_post_builder()
#27 /opt/bitnami/wordpress/wp-includes/plugin.php(205): WP_Hook->apply_filters()
#28 /bitnami/wordpress/wp-content/themes/superio/inc/functions-helper.php(143): apply_filters()
#29 /bitnami/wordpress/wp-content/themes/superio/header.php(59): superio_display_header_builder()
#30 /opt/bitnami/wordpress/wp-includes/template.php(783): require_once('...')
#31 /opt/bitnami/wordpress/wp-includes/template.php(718): load_template()
#32 /opt/bitnami/wordpress/wp-includes/general-template.php(48): locate_template()
#33 /bitnami/wordpress/wp-content/themes/superio/404.php(12): get_header()
#34 /opt/bitnami/wordpress/wp-includes/template-loader.php(106): include('...')
#35 /opt/bitnami/wordpress/wp-blog-header.php(19): require_once('...')
#36 /opt/bitnami/wordpress/index.php(17): require('...')
#37 {main}
  thrown in /bitnami/wordpress/wp-content/plugins/cmb2/includes/helper-functions.php on line 344

