2023-04-30T20:49:20+00:00 ERROR Key Id and Key Secret are required.
2023-04-30T20:49:20+00:00 INFO Trying to create one_cc_address_sync_cron
2023-04-30T20:49:20+00:00 INFO Failed to create one_cc_address_sync_cron as invalid one cc merchant
2023-04-30T20:49:20+00:00 INFO Attempting to delete one_cc_address_sync_cron, status: cancelled, message: invalid_1cc_merchant
2023-04-30T20:49:20+00:00 INFO Deleted one_cc_address_sync_cron  if exists
2023-04-30T20:49:20+00:00 INFO updateAddressSyncCronData: status=cancelled, message=invalid_1cc_merchant, cronStatus=deleted
2023-04-30T20:49:20+00:00 INFO updateAddressSyncCronData: successfully updated
2023-04-30T20:49:20+00:00 ERROR The api key provided is invalid
2023-04-30T20:49:38+00:00 ERROR The api key provided is invalid
2023-04-30T20:49:48+00:00 ERROR The api key provided is invalid
2023-04-30T20:50:57+00:00 ERROR The api key provided is invalid
2023-04-30T20:51:46+00:00 ERROR The api key provided is invalid
2023-04-30T20:52:03+00:00 ERROR The api key provided is invalid
2023-04-30T20:53:09+00:00 ERROR The api key provided is invalid
2023-04-30T20:54:04+00:00 ERROR The api key provided is invalid
2023-04-30T20:54:19+00:00 ERROR The api key provided is invalid
2023-04-30T20:54:26+00:00 ERROR The api key provided is invalid
2023-04-30T20:54:58+00:00 ERROR The api key provided is invalid
2023-04-30T20:55:07+00:00 ERROR The api key provided is invalid
2023-04-30T20:56:02+00:00 ERROR The api key provided is invalid
2023-04-30T20:56:17+00:00 ERROR The api key provided is invalid
2023-04-30T20:56:56+00:00 ERROR The api key provided is invalid
2023-04-30T20:56:56+00:00 ERROR The api key provided is invalid
2023-04-30T20:57:31+00:00 ERROR The api key provided is invalid
2023-04-30T21:05:58+00:00 ERROR The api key provided is invalid
2023-04-30T21:10:16+00:00 ERROR The api key provided is invalid
2023-04-30T21:10:30+00:00 ERROR The api key provided is invalid
2023-04-30T21:10:36+00:00 ERROR The api key provided is invalid
2023-04-30T21:10:44+00:00 ERROR The api key provided is invalid
2023-04-30T21:10:55+00:00 ERROR The api key provided is invalid
2023-04-30T21:10:56+00:00 ERROR The api key provided is invalid
2023-04-30T21:14:58+00:00 ERROR The api key provided is invalid
2023-04-30T21:15:04+00:00 ERROR The api key provided is invalid
2023-04-30T21:15:08+00:00 ERROR The api key provided is invalid
2023-04-30T21:16:09+00:00 ERROR The api key provided is invalid
2023-04-30T21:16:48+00:00 ERROR The api key provided is invalid
